0 verbose cli C:\Program Files\nodejs\node.exe C:\Program Files\nodejs\node_modules\npm\bin\npm-cli.js
1 info using npm@10.9.3
2 info using node@v22.20.0
3 silly config load:file:C:\Program Files\nodejs\node_modules\npm\npmrc
4 silly config load:file:d:\Assignment\Công nghệ phân mềm\SoftE-Project-251\backend\.npmrc
5 silly config load:file:C:\Users\DELL\.npmrc
6 silly config load:file:d:\Assignment\Công nghệ phân mềm\SoftE-Project-251\backend\%PREFIX%\etc\npmrc
7 verbose title npm ls
8 verbose argv "ls" "--depth" "0" "--package-lock-only" "--omit" "dev" "--json"
9 verbose logfile logs-max:10 dir:d:\Assignment\Công nghệ phân mềm\SoftE-Project-251\backend\%CACHE%\_logs\2025-10-23T08_35_19_921Z-
10 verbose logfile d:\Assignment\Công nghệ phân mềm\SoftE-Project-251\backend\%CACHE%\_logs\2025-10-23T08_35_19_921Z-debug-0.log
11 silly logfile start cleaning logs, removing 1 files
12 silly packumentCache heap:2197815296 maxSize:549453824 maxEntrySize:274726912
13 silly logfile done cleaning log files
14 verbose cwd d:\Assignment\Công nghệ phân mềm\SoftE-Project-251\backend
15 verbose os Windows_NT 10.0.26200
16 verbose node v22.20.0
17 verbose npm  v10.9.3
18 verbose exit 0
19 info ok
