0 verbose cli C:\Program Files\nodejs\node.exe C:\Program Files\nodejs\node_modules\npm\bin\npm-cli.js
1 info using npm@10.9.3
2 info using node@v22.20.0
3 silly config load:file:C:\Program Files\nodejs\node_modules\npm\npmrc
4 silly config load:file:D:\Assignment\Công nghệ phân mềm\SoftE-Project-251\backend\.npmrc
5 silly config load:file:C:\Users\DELL\.npmrc
6 silly config load:file:D:\Assignment\Công nghệ phân mềm\SoftE-Project-251\backend\%PREFIX%\etc\npmrc
7 verbose title npm install bcryptjs
8 verbose argv "install" "bcryptjs"
9 verbose logfile logs-max:10 dir:D:\Assignment\Công nghệ phân mềm\SoftE-Project-251\backend\%CACHE%\_logs\2025-10-23T07_54_23_681Z-
10 verbose logfile D:\Assignment\Công nghệ phân mềm\SoftE-Project-251\backend\%CACHE%\_logs\2025-10-23T07_54_23_681Z-debug-0.log
11 silly logfile start cleaning logs, removing 1 files
12 silly packumentCache heap:2197815296 maxSize:549453824 maxEntrySize:274726912
13 silly logfile done cleaning log files
14 silly idealTree buildDeps
15 silly fetch manifest bcryptjs@*
16 silly packumentCache full:https://registry.npmjs.org/bcryptjs cache-miss
17 http fetch GET 200 https://registry.npmjs.org/bcryptjs 214ms (cache miss)
18 silly packumentCache full:https://registry.npmjs.org/bcryptjs set size:undefined disposed:false
19 silly placeDep ROOT bcryptjs@3.0.2 OK for: tutor-ss-backend@1.0.0 want: *
20 silly reify moves {}
21 silly audit bulk request {
21 silly audit   '@types/debug': [ '4.1.12' ],
21 silly audit   '@types/ms': [ '2.1.0' ],
21 silly audit   '@types/node': [ '24.9.1' ],
21 silly audit   '@types/validator': [ '13.15.3' ],
21 silly audit   accepts: [ '1.3.8' ],
21 silly audit   'array-flatten': [ '1.1.1' ],
21 silly audit   'aws-ssl-profiles': [ '1.1.2' ],
21 silly audit   'body-parser': [ '1.20.3' ],
21 silly audit   'buffer-equal-constant-time': [ '1.0.1' ],
21 silly audit   bytes: [ '3.1.2' ],
21 silly audit   'call-bind-apply-helpers': [ '1.0.2' ],
21 silly audit   'call-bound': [ '1.0.4' ],
21 silly audit   'content-disposition': [ '0.5.4' ],
21 silly audit   'content-type': [ '1.0.5' ],
21 silly audit   cookie: [ '0.7.1' ],
21 silly audit   'cookie-signature': [ '1.0.6' ],
21 silly audit   cors: [ '2.8.5' ],
21 silly audit   debug: [ '2.6.9', '4.4.3' ],
21 silly audit   denque: [ '2.1.0' ],
21 silly audit   depd: [ '2.0.0' ],
21 silly audit   destroy: [ '1.2.0' ],
21 silly audit   dotenv: [ '16.6.1' ],
21 silly audit   dottie: [ '2.0.6' ],
21 silly audit   'dunder-proto': [ '1.0.1' ],
21 silly audit   'ecdsa-sig-formatter': [ '1.0.11' ],
21 silly audit   'ee-first': [ '1.1.1' ],
21 silly audit   encodeurl: [ '2.0.0', '1.0.2' ],
21 silly audit   'es-define-property': [ '1.0.1' ],
21 silly audit   'es-errors': [ '1.3.0' ],
21 silly audit   'es-object-atoms': [ '1.1.1' ],
21 silly audit   'escape-html': [ '1.0.3' ],
21 silly audit   etag: [ '1.8.1' ],
21 silly audit   express: [ '4.21.2' ],
21 silly audit   finalhandler: [ '1.3.1' ],
21 silly audit   forwarded: [ '0.2.0' ],
21 silly audit   fresh: [ '0.5.2' ],
21 silly audit   'function-bind': [ '1.1.2' ],
21 silly audit   'generate-function': [ '2.3.1' ],
21 silly audit   'get-intrinsic': [ '1.3.0' ],
21 silly audit   'get-proto': [ '1.0.1' ],
21 silly audit   gopd: [ '1.2.0' ],
21 silly audit   'has-symbols': [ '1.1.0' ],
21 silly audit   hasown: [ '2.0.2' ],
21 silly audit   'http-errors': [ '2.0.0' ],
21 silly audit   'iconv-lite': [ '0.4.24', '0.7.0' ],
21 silly audit   inflection: [ '1.13.4' ],
21 silly audit   inherits: [ '2.0.4' ],
21 silly audit   'ipaddr.js': [ '1.9.1' ],
21 silly audit   'is-property': [ '1.0.2' ],
21 silly audit   jsonwebtoken: [ '9.0.2' ],
21 silly audit   ms: [ '2.1.3', '2.0.0' ],
21 silly audit   jwa: [ '1.4.2' ],
21 silly audit   jws: [ '3.2.2' ],
21 silly audit   lodash: [ '4.17.21' ],
21 silly audit   'lodash.includes': [ '4.3.0' ],
21 silly audit   'lodash.isboolean': [ '3.0.3' ],
21 silly audit   'lodash.isinteger': [ '4.0.4' ],
21 silly audit   'lodash.isnumber': [ '3.0.3' ],
21 silly audit   'lodash.isplainobject': [ '4.0.6' ],
21 silly audit   'lodash.isstring': [ '4.0.1' ],
21 silly audit   'lodash.once': [ '4.1.1' ],
21 silly audit   long: [ '5.3.2' ],
21 silly audit   'lru-cache': [ '7.18.3' ],
21 silly audit   'lru.min': [ '1.1.2' ],
21 silly audit   'math-intrinsics': [ '1.1.0' ],
21 silly audit   'media-typer': [ '0.3.0' ],
21 silly audit   'merge-descriptors': [ '1.0.3' ],
21 silly audit   methods: [ '1.1.2' ],
21 silly audit   mime: [ '1.6.0' ],
21 silly audit   'mime-db': [ '1.52.0' ],
21 silly audit   'mime-types': [ '2.1.35' ],
21 silly audit   moment: [ '2.30.1' ],
21 silly audit   'moment-timezone': [ '0.5.48' ],
21 silly audit   mysql2: [ '3.15.3' ],
21 silly audit   'named-placeholders': [ '1.1.3' ],
21 silly audit   negotiator: [ '0.6.3' ],
21 silly audit   'object-assign': [ '4.1.1' ],
21 silly audit   'object-inspect': [ '1.13.4' ],
21 silly audit   'on-finished': [ '2.4.1' ],
21 silly audit   parseurl: [ '1.3.3' ],
21 silly audit   'path-to-regexp': [ '0.1.12' ],
21 silly audit   'pg-connection-string': [ '2.9.1' ],
21 silly audit   'proxy-addr': [ '2.0.7' ],
21 silly audit   qs: [ '6.13.0' ],
21 silly audit   'range-parser': [ '1.2.1' ],
21 silly audit   'raw-body': [ '2.5.2' ],
21 silly audit   'retry-as-promised': [ '7.1.1' ],
21 silly audit   'safe-buffer': [ '5.2.1' ],
21 silly audit   'safer-buffer': [ '2.1.2' ],
21 silly audit   semver: [ '7.7.3' ],
21 silly audit   send: [ '0.19.0' ],
21 silly audit   'seq-queue': [ '0.0.5' ],
21 silly audit   sequelize: [ '6.37.7' ],
21 silly audit   'sequelize-pool': [ '7.1.0' ],
21 silly audit   'serve-static': [ '1.16.2' ],
21 silly audit   setprototypeof: [ '1.2.0' ],
21 silly audit   'side-channel': [ '1.1.0' ],
21 silly audit   'side-channel-list': [ '1.0.0' ],
21 silly audit   'side-channel-map': [ '1.0.1' ],
21 silly audit   'side-channel-weakmap': [ '1.0.2' ],
21 silly audit   sqlstring: [ '2.3.3' ],
21 silly audit   statuses: [ '2.0.1' ],
21 silly audit   toidentifier: [ '1.0.1' ],
21 silly audit   'toposort-class': [ '1.0.1' ],
21 silly audit   'type-is': [ '1.6.18' ],
21 silly audit   'undici-types': [ '7.16.0' ],
21 silly audit   unpipe: [ '1.0.0' ],
21 silly audit   'utils-merge': [ '1.0.1' ],
21 silly audit   uuid: [ '8.3.2' ],
21 silly audit   validator: [ '13.15.15' ],
21 silly audit   vary: [ '1.1.2' ],
21 silly audit   wkx: [ '0.5.0' ],
21 silly audit   bcryptjs: [ '3.0.2' ]
21 silly audit }
22 http cache bcryptjs@https://registry.npmjs.org/bcryptjs/-/bcryptjs-3.0.2.tgz 1ms (cache hit)
23 silly tarball no local data for bcryptjs@https://registry.npmjs.org/bcryptjs/-/bcryptjs-3.0.2.tgz. Extracting by manifest.
24 http fetch GET 200 https://registry.npmjs.org/bcryptjs/-/bcryptjs-3.0.2.tgz 200ms (cache miss)
25 http fetch POST 200 https://registry.npmjs.org/-/npm/v1/security/advisories/bulk 259ms
26 silly audit report {
26 silly audit report   validator: [
26 silly audit report     {
26 silly audit report       id: 1108959,
26 silly audit report       url: 'https://github.com/advisories/GHSA-9965-vmph-33xx',
26 silly audit report       title: 'validator.js has a URL validation bypass vulnerability in its isURL function',
26 silly audit report       severity: 'moderate',
26 silly audit report       vulnerable_versions: '<=13.15.15',
26 silly audit report       cwe: [Array],
26 silly audit report       cvss: [Object]
26 silly audit report     }
26 silly audit report   ]
26 silly audit report }
27 silly packumentCache corgi:https://registry.npmjs.org/validator cache-miss
28 http cache https://registry.npmjs.org/validator 11ms (cache hit)
29 silly packumentCache corgi:https://registry.npmjs.org/validator set size:167952 disposed:false
30 silly packumentCache corgi:https://registry.npmjs.org/sequelize cache-miss
31 http cache https://registry.npmjs.org/sequelize 10ms (cache hit)
32 silly packumentCache corgi:https://registry.npmjs.org/sequelize set size:1342524 disposed:false
33 silly ADD node_modules/bcryptjs
34 verbose cwd D:\Assignment\Công nghệ phân mềm\SoftE-Project-251\backend
35 verbose os Windows_NT 10.0.26200
36 verbose node v22.20.0
37 verbose npm  v10.9.3
38 verbose exit 0
39 info ok
