0 verbose cli C:\Program Files\nodejs\node.exe C:\Program Files\nodejs\node_modules\npm\bin\npm-cli.js
1 info using npm@10.9.3
2 info using node@v22.20.0
3 silly config load:file:C:\Program Files\nodejs\node_modules\npm\npmrc
4 silly config load:file:d:\Assignment\Công nghệ phân mềm\SoftE-Project-251\backend\.npmrc
5 silly config load:file:C:\Users\DELL\.npmrc
6 silly config load:file:d:\Assignment\Công nghệ phân mềm\SoftE-Project-251\backend\%PREFIX%\etc\npmrc
7 verbose title npm install
8 verbose argv "install" "--package-lock-only"
9 verbose logfile logs-max:10 dir:d:\Assignment\Công nghệ phân mềm\SoftE-Project-251\backend\%CACHE%\_logs\2025-10-23T07_28_39_798Z-
10 verbose logfile d:\Assignment\Công nghệ phân mềm\SoftE-Project-251\backend\%CACHE%\_logs\2025-10-23T07_28_39_798Z-debug-0.log
11 silly logfile start cleaning logs, removing 1 files
12 silly packumentCache heap:2197815296 maxSize:549453824 maxEntrySize:274726912
13 silly logfile done cleaning log files
14 silly idealTree buildDeps
15 silly audit bulk request {
15 silly audit   '@mapbox/node-pre-gyp': [ '1.0.11' ],
15 silly audit   abbrev: [ '1.1.1' ],
15 silly audit   nopt: [ '5.0.0' ],
15 silly audit   '@types/debug': [ '4.1.12' ],
15 silly audit   '@types/ms': [ '2.1.0' ],
15 silly audit   '@types/node': [ '24.9.1' ],
15 silly audit   '@types/validator': [ '13.15.3' ],
15 silly audit   accepts: [ '1.3.8' ],
15 silly audit   'agent-base': [ '6.0.2' ],
15 silly audit   debug: [ '4.4.3', '2.6.9' ],
15 silly audit   ms: [ '2.1.3', '2.0.0' ],
15 silly audit   aproba: [ '2.1.0' ],
15 silly audit   'are-we-there-yet': [ '2.0.0' ],
15 silly audit   'array-flatten': [ '1.1.1' ],
15 silly audit   'aws-ssl-profiles': [ '1.1.2' ],
15 silly audit   'balanced-match': [ '1.0.2' ],
15 silly audit   bcrypt: [ '5.1.1' ],
15 silly audit   'body-parser': [ '1.20.3' ],
15 silly audit   'buffer-equal-constant-time': [ '1.0.1' ],
15 silly audit   bytes: [ '3.1.2' ],
15 silly audit   'call-bind-apply-helpers': [ '1.0.2' ],
15 silly audit   'call-bound': [ '1.0.4' ],
15 silly audit   chownr: [ '2.0.0' ],
15 silly audit   'color-support': [ '1.1.3' ],
15 silly audit   'concat-map': [ '0.0.1' ],
15 silly audit   'console-control-strings': [ '1.1.0' ],
15 silly audit   'content-disposition': [ '0.5.4' ],
15 silly audit   'content-type': [ '1.0.5' ],
15 silly audit   cookie: [ '0.7.1' ],
15 silly audit   'cookie-signature': [ '1.0.6' ],
15 silly audit   cors: [ '2.8.5' ],
15 silly audit   delegates: [ '1.0.0' ],
15 silly audit   denque: [ '2.1.0' ],
15 silly audit   depd: [ '2.0.0' ],
15 silly audit   destroy: [ '1.2.0' ],
15 silly audit   'detect-libc': [ '2.1.2' ],
15 silly audit   dotenv: [ '16.6.1' ],
15 silly audit   dottie: [ '2.0.6' ],
15 silly audit   'dunder-proto': [ '1.0.1' ],
15 silly audit   'ecdsa-sig-formatter': [ '1.0.11' ],
15 silly audit   'ee-first': [ '1.1.1' ],
15 silly audit   encodeurl: [ '2.0.0', '1.0.2' ],
15 silly audit   'es-define-property': [ '1.0.1' ],
15 silly audit   'es-errors': [ '1.3.0' ],
15 silly audit   'es-object-atoms': [ '1.1.1' ],
15 silly audit   'escape-html': [ '1.0.3' ],
15 silly audit   etag: [ '1.8.1' ],
15 silly audit   express: [ '4.21.2' ],
15 silly audit   finalhandler: [ '1.3.1' ],
15 silly audit   forwarded: [ '0.2.0' ],
15 silly audit   fresh: [ '0.5.2' ],
15 silly audit   'fs-minipass': [ '2.1.0' ],
15 silly audit   minipass: [ '3.3.6', '5.0.0' ],
15 silly audit   'fs.realpath': [ '1.0.0' ],
15 silly audit   'function-bind': [ '1.1.2' ],
15 silly audit   gauge: [ '3.0.2' ],
15 silly audit   'ansi-regex': [ '5.0.1' ],
15 silly audit   'emoji-regex': [ '8.0.0' ],
15 silly audit   'signal-exit': [ '3.0.7' ],
15 silly audit   'string-width': [ '4.2.3' ],
15 silly audit   'strip-ansi': [ '6.0.1' ],
15 silly audit   'generate-function': [ '2.3.1' ],
15 silly audit   'get-intrinsic': [ '1.3.0' ],
15 silly audit   'get-proto': [ '1.0.1' ],
15 silly audit   gopd: [ '1.2.0' ],
15 silly audit   'has-symbols': [ '1.1.0' ],
15 silly audit   'has-unicode': [ '2.0.1' ],
15 silly audit   hasown: [ '2.0.2' ],
15 silly audit   'http-errors': [ '2.0.0' ],
15 silly audit   'https-proxy-agent': [ '5.0.1' ],
15 silly audit   'iconv-lite': [ '0.4.24', '0.7.0' ],
15 silly audit   inflection: [ '1.13.4' ],
15 silly audit   inflight: [ '1.0.6' ],
15 silly audit   inherits: [ '2.0.4' ],
15 silly audit   'ipaddr.js': [ '1.9.1' ],
15 silly audit   'is-fullwidth-code-point': [ '3.0.0' ],
15 silly audit   'is-property': [ '1.0.2' ],
15 silly audit   jsonwebtoken: [ '9.0.2' ],
15 silly audit   jwa: [ '1.4.2' ],
15 silly audit   jws: [ '3.2.2' ],
15 silly audit   lodash: [ '4.17.21' ],
15 silly audit   'lodash.includes': [ '4.3.0' ],
15 silly audit   'lodash.isboolean': [ '3.0.3' ],
15 silly audit   'lodash.isinteger': [ '4.0.4' ],
15 silly audit   'lodash.isnumber': [ '3.0.3' ],
15 silly audit   'lodash.isplainobject': [ '4.0.6' ],
15 silly audit   'lodash.isstring': [ '4.0.1' ],
15 silly audit   'lodash.once': [ '4.1.1' ],
15 silly audit   long: [ '5.3.2' ],
15 silly audit   'lru-cache': [ '7.18.3' ],
15 silly audit   'lru.min': [ '1.1.2' ],
15 silly audit   'make-dir': [ '3.1.0' ],
15 silly audit   semver: [ '6.3.1', '7.7.3' ],
15 silly audit   'math-intrinsics': [ '1.1.0' ],
15 silly audit   'media-typer': [ '0.3.0' ],
15 silly audit   'merge-descriptors': [ '1.0.3' ],
15 silly audit   methods: [ '1.1.2' ],
15 silly audit   mime: [ '1.6.0' ],
15 silly audit   'mime-db': [ '1.52.0' ],
15 silly audit   'mime-types': [ '2.1.35' ],
15 silly audit   minizlib: [ '2.1.2' ],
15 silly audit   mkdirp: [ '1.0.4' ],
15 silly audit   moment: [ '2.30.1' ],
15 silly audit   'moment-timezone': [ '0.5.48' ],
15 silly audit   mysql2: [ '3.15.3' ],
15 silly audit   'named-placeholders': [ '1.1.3' ],
15 silly audit   negotiator: [ '0.6.3' ],
15 silly audit   'node-addon-api': [ '5.1.0' ],
15 silly audit   'node-fetch': [ '2.7.0' ],
15 silly audit   npmlog: [ '5.0.1' ],
15 silly audit   'object-assign': [ '4.1.1' ],
15 silly audit   'object-inspect': [ '1.13.4' ],
15 silly audit   'on-finished': [ '2.4.1' ],
15 silly audit   once: [ '1.4.0' ],
15 silly audit   parseurl: [ '1.3.3' ],
15 silly audit   'path-is-absolute': [ '1.0.1' ],
15 silly audit   'path-to-regexp': [ '0.1.12' ],
15 silly audit   'pg-connection-string': [ '2.9.1' ],
15 silly audit   'proxy-addr': [ '2.0.7' ],
15 silly audit   qs: [ '6.13.0' ],
15 silly audit   'range-parser': [ '1.2.1' ],
15 silly audit   'raw-body': [ '2.5.2' ],
15 silly audit   'readable-stream': [ '3.6.2' ],
15 silly audit   'retry-as-promised': [ '7.1.1' ],
15 silly audit   rimraf: [ '3.0.2' ],
15 silly audit   'brace-expansion': [ '1.1.12' ],
15 silly audit   glob: [ '7.2.3' ],
15 silly audit   minimatch: [ '3.1.2' ],
15 silly audit   'safe-buffer': [ '5.2.1' ],
15 silly audit   'safer-buffer': [ '2.1.2' ],
15 silly audit   send: [ '0.19.0' ],
15 silly audit   'seq-queue': [ '0.0.5' ],
15 silly audit   sequelize: [ '6.37.7' ],
15 silly audit   'sequelize-pool': [ '7.1.0' ],
15 silly audit   'serve-static': [ '1.16.2' ],
15 silly audit   'set-blocking': [ '2.0.0' ],
15 silly audit   setprototypeof: [ '1.2.0' ],
15 silly audit   'side-channel': [ '1.1.0' ],
15 silly audit   'side-channel-list': [ '1.0.0' ],
15 silly audit   'side-channel-map': [ '1.0.1' ],
15 silly audit   'side-channel-weakmap': [ '1.0.2' ],
15 silly audit   sqlstring: [ '2.3.3' ],
15 silly audit   statuses: [ '2.0.1' ],
15 silly audit   string_decoder: [ '1.3.0' ],
15 silly audit   tar: [ '6.2.1' ],
15 silly audit   toidentifier: [ '1.0.1' ],
15 silly audit   'toposort-class': [ '1.0.1' ],
15 silly audit   tr46: [ '0.0.3' ],
15 silly audit   'type-is': [ '1.6.18' ],
15 silly audit   'undici-types': [ '7.16.0' ],
15 silly audit   unpipe: [ '1.0.0' ],
15 silly audit   'util-deprecate': [ '1.0.2' ],
15 silly audit   'utils-merge': [ '1.0.1' ],
15 silly audit   uuid: [ '8.3.2' ],
15 silly audit   validator: [ '13.15.15' ],
15 silly audit   vary: [ '1.1.2' ],
15 silly audit   'webidl-conversions': [ '3.0.1' ],
15 silly audit   'whatwg-url': [ '5.0.0' ],
15 silly audit   'wide-align': [ '1.1.5' ],
15 silly audit   wkx: [ '0.5.0' ],
15 silly audit   wrappy: [ '1.0.2' ],
15 silly audit   yallist: [ '4.0.0' ]
15 silly audit }
16 http fetch POST 200 https://registry.npmjs.org/-/npm/v1/security/advisories/bulk 508ms
17 silly audit report {
17 silly audit report   validator: [
17 silly audit report     {
17 silly audit report       id: 1108959,
17 silly audit report       url: 'https://github.com/advisories/GHSA-9965-vmph-33xx',
17 silly audit report       title: 'validator.js has a URL validation bypass vulnerability in its isURL function',
17 silly audit report       severity: 'moderate',
17 silly audit report       vulnerable_versions: '<=13.15.15',
17 silly audit report       cwe: [Array],
17 silly audit report       cvss: [Object]
17 silly audit report     }
17 silly audit report   ]
17 silly audit report }
18 silly packumentCache corgi:https://registry.npmjs.org/validator cache-miss
19 http fetch GET 200 https://registry.npmjs.org/validator 95ms (cache revalidated)
20 silly packumentCache corgi:https://registry.npmjs.org/validator set size:167952 disposed:false
21 silly packumentCache corgi:https://registry.npmjs.org/sequelize cache-miss
22 http fetch GET 200 https://registry.npmjs.org/sequelize 73ms (cache revalidated)
23 silly packumentCache corgi:https://registry.npmjs.org/sequelize set size:1342524 disposed:false
24 verbose cwd d:\Assignment\Công nghệ phân mềm\SoftE-Project-251\backend
25 verbose os Windows_NT 10.0.26200
26 verbose node v22.20.0
27 verbose npm  v10.9.3
28 verbose exit 0
29 info ok
